<?xml version="1.0" encoding="UTF-8"?>
<!-- Generated by org.testng.reporters.JUnitReportReporter -->
<testsuite skipped="0" hostname="s-PC" name="com.inetBanking.TestCases.LoginTC001" tests="1" failures="0" timestamp="22 Jul 2020 14:36:23 GMT" time="30.283" errors="0">
  <testcase name="loginTest" time="30.283" classname="com.inetBanking.TestCases.LoginTC001"/>
</testsuite> <!-- com.inetBanking.TestCases.LoginTC001 -->
