<?xml version="1.0" encoding="UTF-8"?>
<!-- Generated by org.testng.reporters.JUnitReportReporter -->
<testsuite skipped="0" hostname="s-PC" name="com.inetBanking.TestCases.AddcustomerDetailsTC" tests="1" failures="0" timestamp="23 Jul 2020 03:46:07 GMT" time="41.066" errors="0">
  <testcase name="addNewCustomerDetails" time="41.066" classname="com.inetBanking.TestCases.AddcustomerDetailsTC"/>
</testsuite> <!-- com.inetBanking.TestCases.AddcustomerDetailsTC -->
