<?xml version="1.0" encoding="UTF-8"?>
<!-- Generated by org.testng.reporters.JUnitReportReporter -->
<testsuite skipped="0" hostname="s-PC" name="com.inetBanking.TestCases.AddcustomerDetailsTC" tests="1" failures="0" timestamp="23 Jul 2020 08:16:15 GMT" time="26.216" errors="0">
  <testcase name="addNewCustomerDetails" time="26.216" classname="com.inetBanking.TestCases.AddcustomerDetailsTC"/>
</testsuite> <!-- com.inetBanking.TestCases.AddcustomerDetailsTC -->
